This file contains any messages produced by compilers while
running configure, to aid debugging if configure makes a mistake.

It was created by mpiP configure 3.3, which was
generated by GNU Autoconf 2.68.  Invocation command line was

  $ ./configure --prefix=/home/fss5/sawada/mpiP/prefix_mpiP/ --disable-libunwind --with-wtime

## --------- ##
## Platform. ##
## --------- ##

hostname = witch.is.utsunomiya-u.ac.jp
uname -m = x86_64
uname -r = 3.10.0-327.28.3.el7.x86_64
uname -s = Linux
uname -v = #1 SMP Thu Aug 18 19:05:49 UTC 2016

/usr/bin/uname -p = x86_64
/bin/uname -X     = unknown

/bin/arch              = x86_64
/usr/bin/arch -k       = unknown
/usr/convex/getsysinfo = unknown
/usr/bin/hostinfo      = unknown
/bin/machine           = unknown
/usr/bin/oslevel       = unknown
/bin/universe          = unknown

PATH: /home/fss5/sawada/ompi/bin
PATH: /home/fss5/sawada/MPE/prefixMPE/sbin
PATH: /home/fss5/sawada/MPE/prefixMPE/bin
PATH: /home/fss5/sawada/dmtcp_copy0815/dmtcp-copy/prefix/bin
PATH: /opt/sawada/lha/prefixLHA/bin
PATH: /usr/local/texlive/bin
PATH: /usr/local/bin
PATH: /usr/bin
PATH: /usr/local/sbin
PATH: /usr/sbin
PATH: /usr/local/simulator/simca/bin
PATH: /usr/local/simulator/ss/bin
PATH: /usr/java/default/bin
PATH: /usr/local/cuda/bin
PATH: /opt/android-sdk-linux/tools
PATH: /opt/android-sdk-linux/platform-tools
PATH: /opt/android-ndk-r8e
PATH: /opt/eclipse
PATH: /opt/android-ndk-r8e/toolchains/arm-linux-androideabi-4.7/prebuilt/linux-x86_64/bin


## ----------- ##
## Core tests. ##
## ----------- ##

configure:2418: checking build system type
configure:2432: result: x86_64-unknown-linux-gnu
configure:2452: checking host system type
configure:2465: result: x86_64-unknown-linux-gnu
configure:2485: checking target system type
configure:2498: result: x86_64-unknown-linux-gnu
configure:2967: checking for a BSD-compatible install
configure:3035: result: /usr/bin/install -c
configure:3089: checking for ranlib
configure:3105: found /usr/bin/ranlib
configure:3116: result: ranlib
configure:3147: checking for mpxlc
configure:3177: result: no
configure:3147: checking for mpixlc
configure:3177: result: no
configure:3147: checking for mpcc_r
configure:3177: result: no
configure:3147: checking for mpicc
configure:3163: found /home/fss5/sawada/ompi/bin/mpicc
configure:3174: result: mpicc
configure:3190: checking for mpCC_r
configure:3220: result: no
configure:3190: checking for mpixlcxx
configure:3220: result: no
configure:3190: checking for xlC_r
configure:3220: result: no
configure:3190: checking for mpiCC
configure:3206: found /home/fss5/sawada/ompi/bin/mpiCC
configure:3217: result: mpiCC
configure:3233: checking for mpxlf_r
configure:3263: result: no
configure:3233: checking for mpixlf77
configure:3263: result: no
configure:3233: checking for mpxlf
configure:3263: result: no
configure:3233: checking for mpif77
configure:3249: found /home/fss5/sawada/ompi/bin/mpif77
configure:3260: result: mpif77
configure:3276: checking for poe
configure:3306: result: no
configure:3276: checking for srun
configure:3306: result: no
configure:3276: checking for prun
configure:3306: result: no
configure:3276: checking for mpirun
configure:3292: found /home/fss5/sawada/ompi/bin/mpirun
configure:3303: result: mpirun
configure:3753: checking for C compiler version
configure:3762: mpicc --version >&5
gcc (GCC) 4.8.5 20150623 (Red Hat 4.8.5-4)
Copyright (C) 2015 Free Software Foundation, Inc.
This is free software; see the source for copying conditions.  There is NO
warranty; not even for MERCHANTABILITY or FITNESS FOR A PARTICULAR PURPOSE.

configure:3773: $? = 0
configure:3762: mpicc -v >&5
Using built-in specs.
COLLECT_GCC=/usr/bin/gcc
COLLECT_LTO_WRAPPER=/usr/libexec/gcc/x86_64-redhat-linux/4.8.5/lto-wrapper
Target: x86_64-redhat-linux
Configured with: ../configure --prefix=/usr --mandir=/usr/share/man --infodir=/usr/share/info --with-bugurl=http://bugzilla.redhat.com/bugzilla --enable-bootstrap --enable-shared --enable-threads=posix --enable-checking=release --with-system-zlib --enable-__cxa_atexit --disable-libunwind-exceptions --enable-gnu-unique-object --enable-linker-build-id --with-linker-hash-style=gnu --enable-languages=c,c++,objc,obj-c++,java,fortran,ada,go,lto --enable-plugin --enable-initfini-array --disable-libgcj --with-isl=/builddir/build/BUILD/gcc-4.8.5-20150702/obj-x86_64-redhat-linux/isl-install --with-cloog=/builddir/build/BUILD/gcc-4.8.5-20150702/obj-x86_64-redhat-linux/cloog-install --enable-gnu-indirect-function --with-tune=generic --with-arch_32=x86-64 --build=x86_64-redhat-linux
Thread model: posix
gcc version 4.8.5 20150623 (Red Hat 4.8.5-4) (GCC) 
configure:3773: $? = 0
configure:3762: mpicc -V >&5
gcc: error: unrecognized command line option '-V'
gcc: fatal error: no input files
compilation terminated.
configure:3773: $? = 4
configure:3762: mpicc -qversion >&5
gcc: error: unrecognized command line option '-qversion'
gcc: fatal error: no input files
compilation terminated.
configure:3773: $? = 4
configure:3793: checking whether the C compiler works
configure:3815: mpicc    conftest.c  >&5
configure:3819: $? = 0
configure:3867: result: yes
configure:3870: checking for C compiler default output file name
configure:3872: result: a.out
configure:3878: checking for suffix of executables
configure:3885: mpicc -o conftest    conftest.c  >&5
configure:3889: $? = 0
configure:3911: result: 
configure:3933: checking whether we are cross compiling
configure:3971: result: yes
configure:3976: checking for suffix of object files
configure:3998: mpicc -c   conftest.c >&5
configure:4002: $? = 0
configure:4023: result: o
configure:4027: checking whether we are using the GNU C compiler
configure:4046: mpicc -c   conftest.c >&5
configure:4046: $? = 0
configure:4055: result: yes
configure:4064: checking whether mpicc accepts -g
configure:4084: mpicc -c -g  conftest.c >&5
configure:4084: $? = 0
configure:4125: result: yes
configure:4142: checking for mpicc option to accept ISO C89
configure:4206: mpicc  -c -g -O2  conftest.c >&5
configure:4206: $? = 0
configure:4219: result: none needed
configure:4240: checking for sqrt in -lm
configure:4265: mpicc -o conftest -g -O2   conftest.c -lm   >&5
conftest.c:18:6: warning: conflicting types for built-in function 'sqrt' [enabled by default]
 char sqrt ();
      ^
configure:4265: $? = 0
configure:4274: result: yes
configure:4289: checking whether MPI_Init is declared
configure:4289: mpicc -c -g -O2  conftest.c >&5
configure:4289: $? = 0
configure:4289: result: yes
configure:4303: checking for library containing dlopen
configure:4334: mpicc -o conftest -g -O2   conftest.c -lm  >&5
configure:4334: $? = 0
configure:4351: result: none required
configure:4359: checking for inflate in -lz
configure:4384: mpicc -o conftest -g -O2   conftest.c -lz  -lm  >&5
configure:4384: $? = 0
configure:4393: result: yes
configure:4399: checking for dcgettext__ in -lintl
configure:4424: mpicc -o conftest -g -O2   conftest.c -lintl  -lm  >&5
/usr/bin/ld: cannot find -lintl
collect2: error: ld returned 1 exit status
configure:4424: $? = 1
configure: failed program was:
| /* confdefs.h */
| #define PACKAGE_NAME "mpiP"
| #define PACKAGE_TARNAME "mpip"
| #define PACKAGE_VERSION "3.3"
| #define PACKAGE_STRING "mpiP 3.3"
| #define PACKAGE_BUGREPORT "mpip-help@lists.sourceforge.net"
| #define PACKAGE_URL ""
| #define USE_WTIME 1
| #define DEFAULT_REPORT_FORMAT mpiPi_style_verbose
| #define HAVE_LIBM 1
| /* end confdefs.h.  */
| 
| /* Override any GCC internal prototype to avoid an error.
|    Use char because int might match the return type of a GCC
|    builtin and then its argument prototype would still apply.  */
| #ifdef __cplusplus
| extern "C"
| #endif
| char dcgettext__ ();
| int
| main ()
| {
| return dcgettext__ ();
|   ;
|   return 0;
| }
configure:4433: result: no
configure:4439: checking for objalloc_create in -liberty
configure:4464: mpicc -o conftest -g -O2   conftest.c -liberty  -lm  >&5
configure:4464: $? = 0
configure:4473: result: yes
configure:4484: checking how to run the C preprocessor
configure:4515: mpicc -E  conftest.c
configure:4515: $? = 0
configure:4529: mpicc -E  conftest.c
conftest.c:12:28: fatal error: ac_nonexistent.h: No such file or directory
 #include <ac_nonexistent.h>
                            ^
compilation terminated.
configure:4529: $? = 1
configure: failed program was:
| /* confdefs.h */
| #define PACKAGE_NAME "mpiP"
| #define PACKAGE_TARNAME "mpip"
| #define PACKAGE_VERSION "3.3"
| #define PACKAGE_STRING "mpiP 3.3"
| #define PACKAGE_BUGREPORT "mpip-help@lists.sourceforge.net"
| #define PACKAGE_URL ""
| #define USE_WTIME 1
| #define DEFAULT_REPORT_FORMAT mpiPi_style_verbose
| #define HAVE_LIBM 1
| /* end confdefs.h.  */
| #include <ac_nonexistent.h>
configure:4554: result: mpicc -E
configure:4574: mpicc -E  conftest.c
configure:4574: $? = 0
configure:4588: mpicc -E  conftest.c
conftest.c:12:28: fatal error: ac_nonexistent.h: No such file or directory
 #include <ac_nonexistent.h>
                            ^
compilation terminated.
configure:4588: $? = 1
configure: failed program was:
| /* confdefs.h */
| #define PACKAGE_NAME "mpiP"
| #define PACKAGE_TARNAME "mpip"
| #define PACKAGE_VERSION "3.3"
| #define PACKAGE_STRING "mpiP 3.3"
| #define PACKAGE_BUGREPORT "mpip-help@lists.sourceforge.net"
| #define PACKAGE_URL ""
| #define USE_WTIME 1
| #define DEFAULT_REPORT_FORMAT mpiPi_style_verbose
| #define HAVE_LIBM 1
| /* end confdefs.h.  */
| #include <ac_nonexistent.h>
configure:4617: checking for grep that handles long lines and -e
configure:4675: result: /usr/bin/grep
configure:4680: checking for egrep
configure:4742: result: /usr/bin/grep -E
configure:4747: checking for ANSI C header files
configure:4767: mpicc -c -g -O2  conftest.c >&5
configure:4767: $? = 0
configure:4851: result: yes
configure:4864: checking for sys/types.h
configure:4864: mpicc -c -g -O2  conftest.c >&5
configure:4864: $? = 0
configure:4864: result: yes
configure:4864: checking for sys/stat.h
configure:4864: mpicc -c -g -O2  conftest.c >&5
configure:4864: $? = 0
configure:4864: result: yes
configure:4864: checking for stdlib.h
configure:4864: mpicc -c -g -O2  conftest.c >&5
configure:4864: $? = 0
configure:4864: result: yes
configure:4864: checking for string.h
configure:4864: mpicc -c -g -O2  conftest.c >&5
configure:4864: $? = 0
configure:4864: result: yes
configure:4864: checking for memory.h
configure:4864: mpicc -c -g -O2  conftest.c >&5
configure:4864: $? = 0
configure:4864: result: yes
configure:4864: checking for strings.h
configure:4864: mpicc -c -g -O2  conftest.c >&5
configure:4864: $? = 0
configure:4864: result: yes
configure:4864: checking for inttypes.h
configure:4864: mpicc -c -g -O2  conftest.c >&5
configure:4864: $? = 0
configure:4864: result: yes
configure:4864: checking for stdint.h
configure:4864: mpicc -c -g -O2  conftest.c >&5
configure:4864: $? = 0
configure:4864: result: yes
configure:4864: checking for unistd.h
configure:4864: mpicc -c -g -O2  conftest.c >&5
configure:4864: $? = 0
configure:4864: result: yes
configure:4876: checking bfd.h usability
configure:4876: mpicc -c -g -O2  conftest.c >&5
configure:4876: $? = 0
configure:4876: result: yes
configure:4876: checking bfd.h presence
configure:4876: mpicc -E  conftest.c
configure:4876: $? = 0
configure:4876: result: yes
configure:4876: checking for bfd.h
configure:4876: result: yes
configure:4878: checking for bfd_openr in -lbfd
configure:4903: mpicc -o conftest -g -O2   conftest.c -lbfd  -lz -liberty -lm  >&5
configure:4903: $? = 0
configure:4912: result: yes
configure:4920: checking whether bfd_get_section_size is declared
configure:4920: mpicc -c -g -O2  conftest.c >&5
configure:4920: $? = 0
configure:4920: result: yes
configure:4934: checking for bfd_boolean
configure:4934: mpicc -c -g -O2  conftest.c >&5
configure:4934: $? = 0
configure:4934: mpicc -c -g -O2  conftest.c >&5
conftest.c: In function 'main':
conftest.c:28:26: error: expected expression before ')' token
 if (sizeof ((bfd_boolean)))
                          ^
configure:4934: $? = 1
configure: failed program was:
| /* confdefs.h */
| #define PACKAGE_NAME "mpiP"
| #define PACKAGE_TARNAME "mpip"
| #define PACKAGE_VERSION "3.3"
| #define PACKAGE_STRING "mpiP 3.3"
| #define PACKAGE_BUGREPORT "mpip-help@lists.sourceforge.net"
| #define PACKAGE_URL ""
| #define USE_WTIME 1
| #define DEFAULT_REPORT_FORMAT mpiPi_style_verbose
| #define HAVE_LIBM 1
| #define STDC_HEADERS 1
| #define HAVE_SYS_TYPES_H 1
| #define HAVE_SYS_STAT_H 1
| #define HAVE_STDLIB_H 1
| #define HAVE_STRING_H 1
| #define HAVE_MEMORY_H 1
| #define HAVE_STRINGS_H 1
| #define HAVE_INTTYPES_H 1
| #define HAVE_STDINT_H 1
| #define HAVE_UNISTD_H 1
| #define HAVE_BFD_GET_SECTION_SIZE 1
| /* end confdefs.h.  */
| #include "bfd.h"
| 
| int
| main ()
| {
| if (sizeof ((bfd_boolean)))
| 	    return 0;
|   ;
|   return 0;
| }
configure:4934: result: yes
configure:4944: checking demangle.h usability
configure:4944: mpicc -c -g -O2  conftest.c >&5
configure:4944: $? = 0
configure:4944: result: yes
configure:4944: checking demangle.h presence
configure:4944: mpicc -E  conftest.c
configure:4944: $? = 0
configure:4944: result: yes
configure:4944: checking for demangle.h
configure:4944: result: yes
configure:5059: checking for MPIR_ToPointer in -lmpi
configure:5084: mpicc -o conftest -g -O2   conftest.c -lmpi  -lm  -lbfd  -lz -liberty >&5
/tmp/ccMzoZj3.o: In function `main':
/home/fss5/sawada/mpiP/mpiP-3.4.1/conftest.c:36: undefined reference to `MPIR_ToPointer'
collect2: error: ld returned 1 exit status
configure:5084: $? = 1
configure: failed program was:
| /* confdefs.h */
| #define PACKAGE_NAME "mpiP"
| #define PACKAGE_TARNAME "mpip"
| #define PACKAGE_VERSION "3.3"
| #define PACKAGE_STRING "mpiP 3.3"
| #define PACKAGE_BUGREPORT "mpip-help@lists.sourceforge.net"
| #define PACKAGE_URL ""
| #define USE_WTIME 1
| #define DEFAULT_REPORT_FORMAT mpiPi_style_verbose
| #define HAVE_LIBM 1
| #define STDC_HEADERS 1
| #define HAVE_SYS_TYPES_H 1
| #define HAVE_SYS_STAT_H 1
| #define HAVE_STDLIB_H 1
| #define HAVE_STRING_H 1
| #define HAVE_MEMORY_H 1
| #define HAVE_STRINGS_H 1
| #define HAVE_INTTYPES_H 1
| #define HAVE_STDINT_H 1
| #define HAVE_UNISTD_H 1
| #define HAVE_BFD_GET_SECTION_SIZE 1
| #define HAVE_DEMANGLE_H 1
| #define ENABLE_BFD 1
| /* end confdefs.h.  */
| 
| /* Override any GCC internal prototype to avoid an error.
|    Use char because int might match the return type of a GCC
|    builtin and then its argument prototype would still apply.  */
| #ifdef __cplusplus
| extern "C"
| #endif
| char MPIR_ToPointer ();
| int
| main ()
| {
| return MPIR_ToPointer ();
|   ;
|   return 0;
| }
configure:5093: result: no
configure:5100: checking for MPIR_ToPointer in -lmpich
configure:5125: mpicc -o conftest -g -O2   conftest.c -lmpich  -lm  -lbfd  -lz -liberty >&5
/usr/bin/ld: cannot find -lmpich
collect2: error: ld returned 1 exit status
configure:5125: $? = 1
configure: failed program was:
| /* confdefs.h */
| #define PACKAGE_NAME "mpiP"
| #define PACKAGE_TARNAME "mpip"
| #define PACKAGE_VERSION "3.3"
| #define PACKAGE_STRING "mpiP 3.3"
| #define PACKAGE_BUGREPORT "mpip-help@lists.sourceforge.net"
| #define PACKAGE_URL ""
| #define USE_WTIME 1
| #define DEFAULT_REPORT_FORMAT mpiPi_style_verbose
| #define HAVE_LIBM 1
| #define STDC_HEADERS 1
| #define HAVE_SYS_TYPES_H 1
| #define HAVE_SYS_STAT_H 1
| #define HAVE_STDLIB_H 1
| #define HAVE_STRING_H 1
| #define HAVE_MEMORY_H 1
| #define HAVE_STRINGS_H 1
| #define HAVE_INTTYPES_H 1
| #define HAVE_STDINT_H 1
| #define HAVE_UNISTD_H 1
| #define HAVE_BFD_GET_SECTION_SIZE 1
| #define HAVE_DEMANGLE_H 1
| #define ENABLE_BFD 1
| /* end confdefs.h.  */
| 
| /* Override any GCC internal prototype to avoid an error.
|    Use char because int might match the return type of a GCC
|    builtin and then its argument prototype would still apply.  */
| #ifdef __cplusplus
| extern "C"
| #endif
| char MPIR_ToPointer ();
| int
| main ()
| {
| return MPIR_ToPointer ();
|   ;
|   return 0;
| }
configure:5134: result: no
configure:5159: mpicc -c -g -O2  conftest.c >&5
conftest.c: In function 'main':
conftest.c:30:13: error: #error not using MPI3
           # error not using MPI3
             ^
configure:5159: $? = 1
configure: failed program was:
| /* confdefs.h */
| #define PACKAGE_NAME "mpiP"
| #define PACKAGE_TARNAME "mpip"
| #define PACKAGE_VERSION "3.3"
| #define PACKAGE_STRING "mpiP 3.3"
| #define PACKAGE_BUGREPORT "mpip-help@lists.sourceforge.net"
| #define PACKAGE_URL ""
| #define USE_WTIME 1
| #define DEFAULT_REPORT_FORMAT mpiPi_style_verbose
| #define HAVE_LIBM 1
| #define STDC_HEADERS 1
| #define HAVE_SYS_TYPES_H 1
| #define HAVE_SYS_STAT_H 1
| #define HAVE_STDLIB_H 1
| #define HAVE_STRING_H 1
| #define HAVE_MEMORY_H 1
| #define HAVE_STRINGS_H 1
| #define HAVE_INTTYPES_H 1
| #define HAVE_STDINT_H 1
| #define HAVE_UNISTD_H 1
| #define HAVE_BFD_GET_SECTION_SIZE 1
| #define HAVE_DEMANGLE_H 1
| #define ENABLE_BFD 1
| /* end confdefs.h.  */
| #include <mpi.h>
| int
| main ()
| {
|  #if MPI_VERSION < 3
|           # error not using MPI3
|           #endif
| 
|   ;
|   return 0;
| }
| 
configure:5285: checking for MPI_Wtime
configure:5285: mpicc -o conftest -g -O2   conftest.c -lm  -lbfd  -lz -liberty >&5
configure:5285: $? = 0
configure:5285: result: yes
configure:5324: checking for backtrace
configure:5324: mpicc -o conftest -g -O2   conftest.c -lm  -lbfd  -lz -liberty >&5
configure:5324: $? = 0
configure:5324: result: yes
configure:5335: checking for MPI_File_open
configure:5335: mpicc -o conftest -g -O2   conftest.c -lm  -lbfd  -lz -liberty >&5
configure:5335: $? = 0
configure:5335: result: yes
configure:5394: checking for MPI_Win_fence
configure:5394: mpicc -o conftest -g -O2   conftest.c -lm  -lbfd  -lz -liberty >&5
configure:5394: $? = 0
configure:5394: result: yes
configure:5413: checking /proc/self/maps
configure:5416: result: yes
configure:5426: checking for getline
configure:5426: mpicc -o conftest -g -O2   conftest.c -lm  -lbfd  -lz -liberty >&5
configure:5426: $? = 0
configure:5426: result: yes
configure:5441: checking fortran to C conversion
configure:5454: mpicc -o conftest -g -O2   conftest.c -lm  -lbfd  -lz -liberty >&5
configure:5454: $? = 0
configure:5455: result: yes
configure:5737: checking fortran symbols
configure:5752: result: lowercase with underscore
configure:5791: checking fortran compiler
configure:5849: result: GNU
configure:5911: creating ./config.status

## ---------------------- ##
## Running config.status. ##
## ---------------------- ##

This file was extended by mpiP config.status 3.3, which was
generated by GNU Autoconf 2.68.  Invocation command line was

  CONFIG_FILES    = 
  CONFIG_HEADERS  = 
  CONFIG_LINKS    = 
  CONFIG_COMMANDS = 
  $ ./config.status 

on witch.is.utsunomiya-u.ac.jp

config.status:907: creating Defs.mak
config.status:907: creating Makefile
config.status:907: creating testing/Makefile
config.status:907: creating Check.mak
config.status:907: creating mpiPi.h
config.status:907: creating mpi.protos.txt
config.status:907: creating get_fortran_arg.f
config.status:907: creating mpip_timers/aix_local.h
config.status:907: creating mpiPconfig.h

## ---------------- ##
## Cache variables. ##
## ---------------- ##

ac_cv_build=x86_64-unknown-linux-gnu
ac_cv_c_compiler_gnu=yes
ac_cv_env_CC_set=
ac_cv_env_CC_value=
ac_cv_env_CFLAGS_set=
ac_cv_env_CFLAGS_value=
ac_cv_env_CPPFLAGS_set=
ac_cv_env_CPPFLAGS_value=
ac_cv_env_CPP_set=
ac_cv_env_CPP_value=
ac_cv_env_F77_set=
ac_cv_env_F77_value=
ac_cv_env_FFLAGS_set=
ac_cv_env_FFLAGS_value=
ac_cv_env_LDFLAGS_set=
ac_cv_env_LDFLAGS_value=
ac_cv_env_LIBS_set=
ac_cv_env_LIBS_value=
ac_cv_env_build_alias_set=
ac_cv_env_build_alias_value=
ac_cv_env_host_alias_set=
ac_cv_env_host_alias_value=
ac_cv_env_target_alias_set=
ac_cv_env_target_alias_value=
ac_cv_func_MPI_File_open=yes
ac_cv_func_MPI_Win_fence=yes
ac_cv_func_MPI_Wtime=yes
ac_cv_func_backtrace=yes
ac_cv_func_getline=yes
ac_cv_have_decl_MPI_Init=yes
ac_cv_have_decl_bfd_get_section_size=yes
ac_cv_header_bfd_h=yes
ac_cv_header_demangle_h=yes
ac_cv_header_inttypes_h=yes
ac_cv_header_memory_h=yes
ac_cv_header_stdc=yes
ac_cv_header_stdint_h=yes
ac_cv_header_stdlib_h=yes
ac_cv_header_string_h=yes
ac_cv_header_strings_h=yes
ac_cv_header_sys_stat_h=yes
ac_cv_header_sys_types_h=yes
ac_cv_header_unistd_h=yes
ac_cv_host=x86_64-unknown-linux-gnu
ac_cv_lib_bfd_bfd_openr=yes
ac_cv_lib_iberty_objalloc_create=yes
ac_cv_lib_intl_dcgettext__=no
ac_cv_lib_m_sqrt=yes
ac_cv_lib_mpi_MPIR_ToPointer=no
ac_cv_lib_mpich_MPIR_ToPointer=no
ac_cv_lib_z_inflate=yes
ac_cv_objext=o
ac_cv_path_EGREP='/usr/bin/grep -E'
ac_cv_path_GREP=/usr/bin/grep
ac_cv_path_install='/usr/bin/install -c'
ac_cv_prog_CC=mpicc
ac_cv_prog_CPP='mpicc -E'
ac_cv_prog_CXX=mpiCC
ac_cv_prog_F77=mpif77
ac_cv_prog_LAUNCH=mpirun
ac_cv_prog_ac_ct_RANLIB=ranlib
ac_cv_prog_cc_c89=
ac_cv_prog_cc_g=yes
ac_cv_search_dlopen='none required'
ac_cv_target=x86_64-unknown-linux-gnu
ac_cv_type_bfd_boolean=yes

## ----------------- ##
## Output variables. ##
## ----------------- ##

BINUTILS_DIR='/usr'
BIN_TYPE_FLAG=''
CC='mpicc'
CFLAGS='-g -O2'
CPP='mpicc -E'
CPPFLAGS=''
CXX='mpiCC'
DEFAULT_TARGS='${C_TARGET} ${FORTRAN_TARGET} ${DEMANGLE_TARGET}'
DEFS='-DHAVE_CONFIG_H'
DO_DEMANGLE='GNU'
ECHO_C=''
ECHO_N='-n'
ECHO_T=''
EGREP='/usr/bin/grep -E'
ENABLE_API_ONLY='no'
ENABLE_BFD='yes'
ENABLE_FORTRAN_WEAK_SYMS='no'
ENABLE_FORTRAN_XLATE='yes'
ENABLE_MPI_IO='yes'
ENABLE_MPI_RMA='yes'
EXEEXT=''
F77='mpif77'
F77_SYMBOLS='symbol_'
F77_VENDOR='GNU'
FFLAGS=''
FORTRAN_FLAG='-DGNU_Fortran'
FORTRAN_GETARG_OBJ_FILE='get_fortran_arg.o'
FORTRAN_STR_DECL='character buf*(*)'
FORTRAN_TARGET='libmpiPg77.a'
GREP='/usr/bin/grep'
INSTALL_DATA='${INSTALL} -m 644'
INSTALL_PROGRAM='${INSTALL}'
INSTALL_SCRIPT='${INSTALL}'
LAUNCH='mpirun'
LDFLAGS=''
LIBOBJS=''
LIBS='-lm  -lbfd  -lz -liberty'
LIBUNWIND_LOC='/usr/lib/libunwind.a'
LTLIBOBJS=''
MPIPFLIB='mpiPg77'
OBJEXT='o'
PACKAGE_BUGREPORT='mpip-help@lists.sourceforge.net'
PACKAGE_NAME='mpiP'
PACKAGE_STRING='mpiP 3.3'
PACKAGE_TARNAME='mpip'
PACKAGE_URL=''
PACKAGE_VERSION='3.3'
PATH_SEPARATOR=':'
PC_LOOKUP_FILE='pc_lookup.c'
RANLIB='ranlib'
READ_REAL_TIME='read_real_time'
SHELL='/bin/sh'
STACKDEPTH='8'
TEST_LIST=''
USE_BACKTRACE=''
USE_GETARG='false'
USE_LIBDWARF='no'
USE_RTC='no'
USE_RTS_GET_TIMEBASE=''
USE_SETJMP='no'
ac_ct_CC=''
ac_ct_F77=''
bindir='${exec_prefix}/bin'
build='x86_64-unknown-linux-gnu'
build_alias=''
build_cpu='x86_64'
build_os='linux-gnu'
build_vendor='unknown'
datadir='${datarootdir}'
datarootdir='${prefix}/share'
docdir='${datarootdir}/doc/${PACKAGE_TARNAME}'
dvidir='${docdir}'
exec_prefix='${prefix}'
host='x86_64-unknown-linux-gnu'
host_alias=''
host_cpu='x86_64'
host_os='linux-gnu'
host_vendor='unknown'
htmldir='${docdir}'
includedir='${prefix}/include'
infodir='${datarootdir}/info'
libdir='${exec_prefix}/lib'
libexecdir='${exec_prefix}/libexec'
localedir='${datarootdir}/locale'
localstatedir='${prefix}/var'
mandir='${datarootdir}/man'
oldincludedir='/usr/include'
pdfdir='${docdir}'
prefix='/home/fss5/sawada/mpiP/prefix_mpiP'
program_transform_name='s,x,x,'
psdir='${docdir}'
sbindir='${exec_prefix}/sbin'
sharedstatedir='${prefix}/com'
slibdir='${exec_prefix}/lib'
sysconfdir='${prefix}/etc'
target='x86_64-unknown-linux-gnu'
target_alias=''
target_cpu='x86_64'
target_os='linux-gnu'
target_vendor='unknown'

## ------------------- ##
## File substitutions. ##
## ------------------- ##

FORTRAN_GETARG=''
HAVE_MPI_IO='mpi.io.protos.txt'
HAVE_MPI_RMA='mpi.rma.protos.txt'

## ----------- ##
## confdefs.h. ##
## ----------- ##

/* confdefs.h */
#define PACKAGE_NAME "mpiP"
#define PACKAGE_TARNAME "mpip"
#define PACKAGE_VERSION "3.3"
#define PACKAGE_STRING "mpiP 3.3"
#define PACKAGE_BUGREPORT "mpip-help@lists.sourceforge.net"
#define PACKAGE_URL ""
#define USE_WTIME 1
#define DEFAULT_REPORT_FORMAT mpiPi_style_verbose
#define HAVE_LIBM 1
#define STDC_HEADERS 1
#define HAVE_SYS_TYPES_H 1
#define HAVE_SYS_STAT_H 1
#define HAVE_STDLIB_H 1
#define HAVE_STRING_H 1
#define HAVE_MEMORY_H 1
#define HAVE_STRINGS_H 1
#define HAVE_INTTYPES_H 1
#define HAVE_STDINT_H 1
#define HAVE_UNISTD_H 1
#define HAVE_BFD_GET_SECTION_SIZE 1
#define HAVE_DEMANGLE_H 1
#define ENABLE_BFD 1
#define USE_WTIME 1
#define USE_BACKTRACE 1
#define HAVE_MPI_IO 1
#define HAVE_MPI_RMA 1
#define SO_LOOKUP 1
#define F77_SYMBOLS symbol_

configure: exit 0
